<?xml version="1.0" encoding="UTF-8"?>
<!-- Generated by org.testng.reporters.JUnitXMLReporter -->
<testsuite hostname="ip-172-31-31-246" ignored="4" name="Test" tests="4" failures="0" timestamp="20 May 2023 07:06:17 GMT" time="0.047" errors="0">
  <testcase name="test2" time="0.005" classname="TestCases.HomeLoan"/>
  <testcase name="test1" time="0.008" classname="TestCases.HomeLoan"/>
  <testcase name="test4" time="0.001" classname="TestCases.CreditCard"/>
  <testcase name="test3" time="0.001" classname="TestCases.CarLoan"/>
  <testcase name="@AfterTest aftertest" time="0.0" classname="TestCases.BaseCase">
    <ignored/>
  </testcase> <!-- @AfterTest aftertest -->
  <testcase name="@AfterTest aftertest" time="0.0" classname="TestCases.BaseCase">
    <ignored/>
  </testcase> <!-- @AfterTest aftertest -->
  <testcase name="@BeforeTest beforetest" time="0.0" classname="TestCases.BaseCase">
    <ignored/>
  </testcase> <!-- @BeforeTest beforetest -->
  <testcase name="@BeforeTest beforetest" time="0.0" classname="TestCases.BaseCase">
    <ignored/>
  </testcase> <!-- @BeforeTest beforetest -->
</testsuite> <!-- Test -->
