<?xml version="1.0" encoding="UTF-8"?>
<!-- Generated by org.testng.reporters.JUnitXMLReporter -->
<testsuite hostname="ip-172-31-31-246" ignored="6" name="Test" tests="2" failures="0" timestamp="20 May 2023 10:05:55 GMT" time="0.034" errors="0">
  <testcase name="test4" time="0.004" classname="TestCases.CreditCard"/>
  <testcase name="test2" time="0.001" classname="TestCases.HomeLoan"/>
  <testcase name="@AfterTest aftertest" time="0.0" classname="TestCases.BaseCase">
    <ignored/>
  </testcase> <!-- @AfterTest aftertest -->
  <testcase name="@AfterTest aftertest" time="0.0" classname="TestCases.BaseCase">
    <ignored/>
  </testcase> <!-- @AfterTest aftertest -->
  <testcase name="test1" time="0.0" classname="TestCases.HomeLoan">
    <ignored/>
  </testcase> <!-- test1 -->
  <testcase name="@BeforeTest beforetest" time="0.0" classname="TestCases.BaseCase">
    <ignored/>
  </testcase> <!-- @BeforeTest beforetest -->
  <testcase name="@BeforeTest beforetest" time="0.0" classname="TestCases.BaseCase">
    <ignored/>
  </testcase> <!-- @BeforeTest beforetest -->
  <testcase name="test3" time="0.0" classname="TestCases.CarLoan">
    <ignored/>
  </testcase> <!-- test3 -->
</testsuite> <!-- Test -->
